# JRE version: OpenJDK Runtime Environment (11.0.1+13) (build 11.0.1+13)
# Java VM: OpenJDK 64-Bit Server VM (11.0.1+13, mixed mode, tiered, compressed oops, g1 gc, linux-amd64)
Heap:
 garbage-first heap   total 378880K, used 2964K [0x0000000084e00000, 0x0000000100000000)
  region size 1024K, 1 young (1024K), 1 survivors (1024K)
 Metaspace       used 12445K, capacity 12645K, committed 13056K, reserved 1060864K
  class space    used 1101K, capacity 1171K, committed 1280K, reserved 1048576K
GC Heap History (10 events):
Event: 373.384 GC heap after
{Heap after GC invocations=162 (full 0):
 garbage-first heap   total 126976K, used 3065K [0x0000000084e00000, 0x0000000100000000)
  region size 1024K, 1 young (1024K), 1 survivors (1024K)
 Metaspace       used 12445K, capacity 12645K, committed 13056K, reserved 1060864K
  class space    used 1101K, capacity 1171K, committed 1280K, reserved 1048576K
}
Event: 377.612 GC heap before
{Heap before GC invocations=162 (full 0):
 garbage-first heap   total 126976K, used 76793K [0x0000000084e00000, 0x0000000100000000)
  region size 1024K, 74 young (75776K), 1 survivors (1024K)
 Metaspace       used 12445K, capacity 12645K, committed 13056K, reserved 1060864K
  class space    used 1101K, capacity 1171K, committed 1280K, reserved 1048576K
}
Event: 377.640 GC heap after
{Heap after GC invocations=163 (full 0):
 garbage-first heap   total 126976K, used 3021K [0x0000000084e00000, 0x0000000100000000)
  region size 1024K, 1 young (1024K), 1 survivors (1024K)
 Metaspace       used 12445K, capacity 12645K, committed 13056K, reserved 1060864K
  class space    used 1101K, capacity 1171K, committed 1280K, reserved 1048576K
}
Event: 380.276 GC heap before
{Heap before GC invocations=163 (full 0):
 garbage-first heap   total 126976K, used 76749K [0x0000000084e00000, 0x0000000100000000)
  region size 1024K, 74 young (75776K), 1 survivors (1024K)
 Metaspace       used 12445K, capacity 12645K, committed 13056K, reserved 1060864K
  class space    used 1101K, capacity 1171K, committed 1280K, reserved 1048576K
}
Event: 380.295 GC heap after
{Heap after GC invocations=164 (full 0):
 garbage-first heap   total 126976K, used 2952K [0x0000000084e00000, 0x0000000100000000)
  region size 1024K, 1 young (1024K), 1 survivors (1024K)
 Metaspace       used 12445K, capacity 12645K, committed 13056K, reserved 1060864K
  class space    used 1101K, capacity 1171K, committed 1280K, reserved 1048576K
}
Event: 386.818 GC heap before
{Heap before GC invocations=164 (full 0):
 garbage-first heap   total 126976K, used 76680K [0x0000000084e00000, 0x0000000100000000)
  region size 1024K, 74 young (75776K), 1 survivors (1024K)
 Metaspace       used 12445K, capacity 12645K, committed 13056K, reserved 1060864K
  class space    used 1101K, capacity 1171K, committed 1280K, reserved 1048576K
}
Event: 388.948 GC heap after
{Heap after GC invocations=165 (full 0):
 garbage-first heap   total 126976K, used 2945K [0x0000000084e00000, 0x0000000100000000)
  region size 1024K, 1 young (1024K), 1 survivors (1024K)
 Metaspace       used 12445K, capacity 12645K, committed 13056K, reserved 1060864K
  class space    used 1101K, capacity 1171K, committed 1280K, reserved 1048576K
}
Event: 394.682 GC heap before
{Heap before GC invocations=165 (full 0):
 garbage-first heap   total 126976K, used 7041K [0x0000000084e00000, 0x0000000100000000)
  region size 1024K, 6 young (6144K), 1 survivors (1024K)
 Metaspace       used 12445K, capacity 12645K, committed 13056K, reserved 1060864K
  class space    used 1101K, capacity 1171K, committed 1280K, reserved 1048576K
}
Event: 398.772 GC heap after
{Heap after GC invocations=166 (full 0):
 garbage-first heap   total 126976K, used 2971K [0x0000000084e00000, 0x0000000100000000)
  region size 1024K, 1 young (1024K), 1 survivors (1024K)
 Metaspace       used 12445K, capacity 12645K, committed 13056K, reserved 1060864K
  class space    used 1101K, capacity 1171K, committed 1280K, reserved 1048576K
}
Event: 418.660 GC heap before
{Heap before GC invocations=166 (full 0):
 garbage-first heap   total 126976K, used 7067K [0x0000000084e00000, 0x0000000100000000)
  region size 1024K, 6 young (6144K), 1 survivors (1024K)
 Metaspace       used 12445K, capacity 12645K, committed 13056K, reserved 1060864K
  class space    used 1101K, capacity 1171K, committed 1280K, reserved 1048576K
}

